================================================================================
TESTING 5 PRETRAINED SENTIMENT MODELS
================================================================================

[STEP 1] Fetching available models...
D:\ai_\ML_Pipeline\.venv\Scripts\python.exe : Traceback (most 
recent call last):
At line:1 char:343
+ ... ce-system"; D:\ai_\ML_Pipeline\.venv\Scripts\python.exe 
test_all_mode ...
+                 
~~~~~~~~~~~~~~~~~~~~~~~~~~~~~~~~~~~~~~~~~~~~~~~~~~~~~~~~~
    + CategoryInfo          : NotSpecified: (Traceback (most re 
   cent call last)::String) [], RemoteException
    + FullyQualifiedErrorId : NativeCommandError
 
  File "D:\ai_\ML_Pipeline\.venv\Lib\site-packages\urllib3\conne
ction.py", line 204, in _new_conn
    sock = connection.create_connection(
        (self._dns_host, self.port),
    ...<2 lines>...
        socket_options=self.socket_options,
    )
  File "D:\ai_\ML_Pipeline\.venv\Lib\site-packages\urllib3\util\
connection.py", line 85, in create_connection
    raise err
  File "D:\ai_\ML_Pipeline\.venv\Lib\site-packages\urllib3\util\
connection.py", line 73, in create_connection
    sock.connect(sa)
    ~~~~~~~~~~~~^^^^
ConnectionRefusedError: [WinError 10061] No connection could be 
made because the target machine actively refused it

The above exception was the direct cause of the following 
exception:

Traceback (most recent call last):
  File "D:\ai_\ML_Pipeline\.venv\Lib\site-packages\urllib3\conne
ctionpool.py", line 787, in urlopen
    response = self._make_request(
        conn,
    ...<10 lines>...
        **response_kw,
    )
  File "D:\ai_\ML_Pipeline\.venv\Lib\site-packages\urllib3\conne
ctionpool.py", line 493, in _make_request
    conn.request(
    ~~~~~~~~~~~~^
        method,
        ^^^^^^^
    ...<6 lines>...
        enforce_content_length=enforce_content_length,
        ^^^^^^^^^^^^^^^^^^^^^^^^^^^^^^^^^^^^^^^^^^^^^^
    )
    ^
  File "D:\ai_\ML_Pipeline\.venv\Lib\site-packages\urllib3\conne
ction.py", line 500, in request
    self.endheaders()
    ~~~~~~~~~~~~~~~^^
  File "d:\ai_\.cursor\Lib\http\client.py", line 1333, in 
endheaders
    self._send_output(message_body, 
encode_chunked=encode_chunked)
    
~~~~~~~~~~~~~~~~~^^^^^^^^^^^^^^^^^^^^^^^^^^^^^^^^^^^^^^^^^^^^^
  File "d:\ai_\.cursor\Lib\http\client.py", line 1093, in 
_send_output
    self.send(msg)
    ~~~~~~~~~^^^^^
  File "d:\ai_\.cursor\Lib\http\client.py", line 1037, in send
    self.connect()
    ~~~~~~~~~~~~^^
  File "D:\ai_\ML_Pipeline\.venv\Lib\site-packages\urllib3\conne
ction.py", line 331, in connect
    self.sock = self._new_conn()
                ~~~~~~~~~~~~~~^^
  File "D:\ai_\ML_Pipeline\.venv\Lib\site-packages\urllib3\conne
ction.py", line 219, in _new_conn
    raise NewConnectionError(
        self, f"Failed to establish a new connection: {e}"
    ) from e
urllib3.exceptions.NewConnectionError: 
HTTPConnection(host='127.0.0.1', port=8002): Failed to 
establish a new connection: [WinError 10061] No connection 
could be made because the target machine actively refused it

The above exception was the direct cause of the following 
exception:

Traceback (most recent call last):
  File "D:\ai_\ML_Pipeline\.venv\Lib\site-packages\requests\adap
ters.py", line 644, in send
    resp = conn.urlopen(
        method=request.method,
    ...<9 lines>...
        chunked=chunked,
    )
  File "D:\ai_\ML_Pipeline\.venv\Lib\site-packages\urllib3\conne
ctionpool.py", line 841, in urlopen
    retries = retries.increment(
        method, url, error=new_e, _pool=self, 
_stacktrace=sys.exc_info()[2]
    )
  File "D:\ai_\ML_Pipeline\.venv\Lib\site-packages\urllib3\util\
retry.py", line 535, in increment
    raise MaxRetryError(_pool, url, reason) from reason  # 
type: ignore[arg-type]
    ^^^^^^^^^^^^^^^^^^^^^^^^^^^^^^^^^^^^^^^^^^^^^^^^^^^
urllib3.exceptions.MaxRetryError: 
HTTPConnectionPool(host='127.0.0.1', port=8002): Max retries 
exceeded with url: /api/v1/models (Caused by 
NewConnectionError("HTTPConnection(host='127.0.0.1', 
port=8002): Failed to establish a new connection: [WinError 
10061] No connection could be made because the target machine 
actively refused it"))

During handling of the above exception, another exception 
occurred:

Traceback (most recent call last):
  File 
"D:\ai_\ML_Pipeline\ml-inference-system\test_all_models.py", 
line 24, in <module>
    r = requests.get(f"{BASE_URL}/api/v1/models")
  File 
"D:\ai_\ML_Pipeline\.venv\Lib\site-packages\requests\api.py", 
line 73, in get
    return request("get", url, params=params, **kwargs)
  File 
"D:\ai_\ML_Pipeline\.venv\Lib\site-packages\requests\api.py", 
line 59, in request
    return session.request(method=method, url=url, **kwargs)
           ~~~~~~~~~~~~~~~^^^^^^^^^^^^^^^^^^^^^^^^^^^^^^^^^^
  File "D:\ai_\ML_Pipeline\.venv\Lib\site-packages\requests\sess
ions.py", line 589, in request
    resp = self.send(prep, **send_kwargs)
  File "D:\ai_\ML_Pipeline\.venv\Lib\site-packages\requests\sess
ions.py", line 703, in send
    r = adapter.send(request, **kwargs)
  File "D:\ai_\ML_Pipeline\.venv\Lib\site-packages\requests\adap
ters.py", line 677, in send
    raise ConnectionError(e, request=request)
requests.exceptions.ConnectionError: 
HTTPConnectionPool(host='127.0.0.1', port=8002): Max retries 
exceeded with url: /api/v1/models (Caused by 
NewConnectionError("HTTPConnection(host='127.0.0.1', 
port=8002): Failed to establish a new connection: [WinError 
10061] No connection could be made because the target machine 
actively refused it"))

During handling of the above exception, another exception 
occurred:

Traceback (most recent call last):
  File 
"D:\ai_\ML_Pipeline\ml-inference-system\test_all_models.py", 
line 33, in <module>
    print(f"\u2717 Connection error: {e}")
    ~~~~~^^^^^^^^^^^^^^^^^^^^^^^^^^^^
  File "d:\ai_\.cursor\Lib\encodings\cp1252.py", line 19, in 
encode
    return 
codecs.charmap_encode(input,self.errors,encoding_table)[0]
           
~~~~~~~~~~~~~~~~~~~~~^^^^^^^^^^^^^^^^^^^^^^^^^^^^^^^^^^
UnicodeEncodeError: 'charmap' codec can't encode character 
'\u2717' in position 0: character maps to <undefined>
